<?xml version='1.0'?>
<ns2:test-suite xmlns:ns2='urn:model.allure.qatools.yandex.ru' start='1612883822347' stop='1612883822356'>
    <name>Account Page: Navigate to my account page</name>
    <title>Account Page: Navigate to my account page</title>
    <test-cases>
        <test-case start='1612883822348' status='passed' stop='1612883822349'>
            <name>Hook</name>
            <title>Hook</title>
            <labels>
                <label name='language' value='javascript'/>
                <label name='framework' value='wdio'/>
                <label name='thread' value='0-0'/>
            </labels>
            <parameters>
                <parameter kind='argument' name='browser' value='chrome-88.0.4324.150'/>
            </parameters>
            <steps/>
            <attachments/>
        </test-case>
        <test-case start='1612883822349' status='broken' stop='1612883822350'>
            <name>Given I have navigated to ''</name>
            <title>Given I have navigated to ''</title>
            <labels>
                <label name='language' value='javascript'/>
                <label name='framework' value='wdio'/>
                <label name='thread' value='0-0'/>
            </labels>
            <parameters>
                <parameter kind='argument' name='browser' value='chrome-88.0.4324.150'/>
            </parameters>
            <steps/>
            <attachments/>
            <failure>
                <message>function has 0 arguments, should have 1 (if synchronous or returning a promise) or 2 (if accepting a callback)</message>
                <stack-trace></stack-trace>
            </failure>
        </test-case>
        <test-case start='1612883822350' status='broken' stop='1612883822350'>
            <name>Given I have clicked the 'Sign' in link</name>
            <title>Given I have clicked the 'Sign' in link</title>
            <labels>
                <label name='language' value='javascript'/>
                <label name='framework' value='wdio'/>
                <label name='thread' value='0-0'/>
            </labels>
            <parameters>
                <parameter kind='argument' name='browser' value='chrome-88.0.4324.150'/>
            </parameters>
            <steps/>
            <attachments/>
            <failure>
                <message>Step "Given I have clicked the 'Sign' in link" is not definedYou can ignore this error by setting cucumberOpts.ignoreUndefinedDefinitions as true.</message>
                <stack-trace>undefined:undefined</stack-trace>
            </failure>
        </test-case>
        <test-case start='1612883822350' status='pending' stop='1612883822353'>
            <name>When I enter 'lsowjanya@hotmail.com' in the 'Email address' field</name>
            <title>When I enter 'lsowjanya@hotmail.com' in the 'Email address' field</title>
            <labels>
                <label name='language' value='javascript'/>
                <label name='framework' value='wdio'/>
                <label name='thread' value='0-0'/>
            </labels>
            <parameters>
                <parameter kind='argument' name='browser' value='chrome-88.0.4324.150'/>
            </parameters>
            <steps/>
            <attachments/>
        </test-case>
        <test-case start='1612883822354' status='pending' stop='1612883822354'>
            <name>And I enter 'Shruti27' in the 'Password' field</name>
            <title>And I enter 'Shruti27' in the 'Password' field</title>
            <labels>
                <label name='language' value='javascript'/>
                <label name='framework' value='wdio'/>
                <label name='thread' value='0-0'/>
            </labels>
            <parameters>
                <parameter kind='argument' name='browser' value='chrome-88.0.4324.150'/>
            </parameters>
            <steps/>
            <attachments/>
        </test-case>
        <test-case start='1612883822354' status='broken' stop='1612883822354'>
            <name>And I click the 'Sign in' button</name>
            <title>And I click the 'Sign in' button</title>
            <labels>
                <label name='language' value='javascript'/>
                <label name='framework' value='wdio'/>
                <label name='thread' value='0-0'/>
            </labels>
            <parameters>
                <parameter kind='argument' name='browser' value='chrome-88.0.4324.150'/>
            </parameters>
            <steps/>
            <attachments/>
            <failure>
                <message>Step "And I click the 'Sign in' button" is not definedYou can ignore this error by setting cucumberOpts.ignoreUndefinedDefinitions as true.</message>
                <stack-trace>undefined:undefined</stack-trace>
            </failure>
        </test-case>
        <test-case start='1612883822354' status='broken' stop='1612883822355'>
            <name>Then the 'my account' text is displayed</name>
            <title>Then the 'my account' text is displayed</title>
            <labels>
                <label name='language' value='javascript'/>
                <label name='framework' value='wdio'/>
                <label name='thread' value='0-0'/>
            </labels>
            <parameters>
                <parameter kind='argument' name='browser' value='chrome-88.0.4324.150'/>
            </parameters>
            <steps/>
            <attachments/>
            <failure>
                <message>Step "Then the 'my account' text is displayed" is not definedYou can ignore this error by setting cucumberOpts.ignoreUndefinedDefinitions as true.</message>
                <stack-trace>undefined:undefined</stack-trace>
            </failure>
        </test-case>
        <test-case start='1612883822355' status='passed' stop='1612883822355'>
            <name>Hook</name>
            <title>Hook</title>
            <labels>
                <label name='language' value='javascript'/>
                <label name='framework' value='wdio'/>
                <label name='thread' value='0-0'/>
            </labels>
            <parameters>
                <parameter kind='argument' name='browser' value='chrome-88.0.4324.150'/>
            </parameters>
            <steps/>
            <attachments/>
        </test-case>
    </test-cases>
</ns2:test-suite>