<?xml version='1.0'?>
<ns2:test-suite xmlns:ns2='urn:model.allure.qatools.yandex.ru' start='1612732383216' stop='1612732386572'>
    <name>Account Page: Page Leading to account page scenario</name>
    <title>Account Page: Page Leading to account page scenario</title>
    <test-cases>
        <test-case start='1612732383217' status='passed' stop='1612732383221'>
            <name>Hook</name>
            <title>Hook</title>
            <labels>
                <label name='language' value='javascript'/>
                <label name='framework' value='wdio'/>
                <label name='thread' value='0-0'/>
            </labels>
            <parameters>
                <parameter kind='argument' name='browser' value='chrome-88.0.4324.146'/>
            </parameters>
            <steps/>
            <attachments/>
        </test-case>
        <test-case start='1612732383222' status='passed' stop='1612732386567'>
            <name>Given I am on the SignIn page</name>
            <title>Given I am on the SignIn page</title>
            <labels>
                <label name='language' value='javascript'/>
                <label name='framework' value='wdio'/>
                <label name='thread' value='0-0'/>
            </labels>
            <parameters>
                <parameter kind='argument' name='browser' value='chrome-88.0.4324.146'/>
            </parameters>
            <steps>
                <step start='1612732383227' status='passed' stop='1612732386565'>
                    <name>POST /session/:sessionId/url</name>
                    <title>POST /session/:sessionId/url</title>
                    <attachments>
                        <attachment title='Request' source='d362d9a2-f596-476a-9d3a-3871cdbf61f8-attachment.json' type='application/json' size='56'/>
                    </attachments>
                    <steps/>
                </step>
            </steps>
            <attachments/>
        </test-case>
        <test-case start='1612732386567' status='broken' stop='1612732386568'>
            <name>When I enter username as "lsowjanya@hotmail.com" and password as "Shruti27"</name>
            <title>When I enter username as "lsowjanya@hotmail.com" and password as "Shruti27"</title>
            <labels>
                <label name='language' value='javascript'/>
                <label name='framework' value='wdio'/>
                <label name='thread' value='0-0'/>
            </labels>
            <parameters>
                <parameter kind='argument' name='browser' value='chrome-88.0.4324.146'/>
            </parameters>
            <steps/>
            <attachments/>
            <failure>
                <message>Step "When I enter username as "lsowjanya@hotmail.com" and password as "Shruti27"" is not definedYou can ignore this error by setting cucumberOpts.ignoreUndefinedDefinitions as true.</message>
                <stack-trace>undefined:undefined</stack-trace>
            </failure>
        </test-case>
        <test-case start='1612732386568' status='broken' stop='1612732386569'>
            <name>And I click SignIn</name>
            <title>And I click SignIn</title>
            <labels>
                <label name='language' value='javascript'/>
                <label name='framework' value='wdio'/>
                <label name='thread' value='0-0'/>
            </labels>
            <parameters>
                <parameter kind='argument' name='browser' value='chrome-88.0.4324.146'/>
            </parameters>
            <steps/>
            <attachments/>
            <failure>
                <message>Step "And I click SignIn" is not definedYou can ignore this error by setting cucumberOpts.ignoreUndefinedDefinitions as true.</message>
                <stack-trace>undefined:undefined</stack-trace>
            </failure>
        </test-case>
        <test-case start='1612732386569' status='broken' stop='1612732386569'>
            <name>Then I should see my account page</name>
            <title>Then I should see my account page</title>
            <labels>
                <label name='language' value='javascript'/>
                <label name='framework' value='wdio'/>
                <label name='thread' value='0-0'/>
            </labels>
            <parameters>
                <parameter kind='argument' name='browser' value='chrome-88.0.4324.146'/>
            </parameters>
            <steps/>
            <attachments/>
            <failure>
                <message>Step "Then I should see my account page" is not definedYou can ignore this error by setting cucumberOpts.ignoreUndefinedDefinitions as true.</message>
                <stack-trace>undefined:undefined</stack-trace>
            </failure>
        </test-case>
        <test-case start='1612732386570' status='passed' stop='1612732386571'>
            <name>Hook</name>
            <title>Hook</title>
            <labels>
                <label name='language' value='javascript'/>
                <label name='framework' value='wdio'/>
                <label name='thread' value='0-0'/>
            </labels>
            <parameters>
                <parameter kind='argument' name='browser' value='chrome-88.0.4324.146'/>
            </parameters>
            <steps/>
            <attachments/>
        </test-case>
    </test-cases>
</ns2:test-suite>