<?xml version='1.0'?>
<ns2:test-suite xmlns:ns2='urn:model.allure.qatools.yandex.ru' start='1612890311200' stop='1612890317524'>
    <name>Account Page: Navigate to my account page</name>
    <title>Account Page: Navigate to my account page</title>
    <test-cases>
        <test-case start='1612890311201' status='passed' stop='1612890311202'>
            <name>Hook</name>
            <title>Hook</title>
            <labels>
                <label name='language' value='javascript'/>
                <label name='framework' value='wdio'/>
                <label name='thread' value='0-0'/>
            </labels>
            <parameters>
                <parameter kind='argument' name='browser' value='chrome-88.0.4324.150'/>
            </parameters>
            <steps/>
            <attachments/>
        </test-case>
        <test-case start='1612890311202' status='passed' stop='1612890316030'>
            <name>Hook I enter 'lsowjanya@hotmail.com' in the 'Email address' field</name>
            <title>Hook I enter 'lsowjanya@hotmail.com' in the 'Email address' field</title>
            <labels>
                <label name='language' value='javascript'/>
                <label name='framework' value='wdio'/>
                <label name='thread' value='0-0'/>
            </labels>
            <parameters>
                <parameter kind='argument' name='browser' value='chrome-88.0.4324.150'/>
            </parameters>
            <steps>
                <step start='1612890311205' status='passed' stop='1612890316029'>
                    <name>POST /session/:sessionId/url</name>
                    <title>POST /session/:sessionId/url</title>
                    <attachments>
                        <attachment title='Request' source='71bdb1fb-1bdc-43f3-88e7-b2425971086a-attachment.json' type='application/json' size='45'/>
                    </attachments>
                    <steps/>
                </step>
            </steps>
            <attachments/>
        </test-case>
        <test-case start='1612890316030' status='passed' stop='1612890317518'>
            <name>Given I have clicked the 'Sign in' link</name>
            <title>Given I have clicked the 'Sign in' link</title>
            <labels>
                <label name='language' value='javascript'/>
                <label name='framework' value='wdio'/>
                <label name='thread' value='0-0'/>
            </labels>
            <parameters>
                <parameter kind='argument' name='browser' value='chrome-88.0.4324.150'/>
            </parameters>
            <steps>
                <step start='1612890316032' status='passed' stop='1612890316044'>
                    <name>POST /session/:sessionId/element</name>
                    <title>POST /session/:sessionId/element</title>
                    <attachments>
                        <attachment title='Request' source='6c042446-599d-443e-b35b-fa840258574c-attachment.json' type='application/json' size='60'/>
                        <attachment title='Response' source='06dda73f-c4e0-43ca-88f7-142a8ee80138-attachment.json' type='application/json' size='83'/>
                    </attachments>
                    <steps/>
                </step>
                <step start='1612890316049' status='passed' stop='1612890317517'>
                    <name>POST /session/:sessionId/element/d7c72416-672a-4fdd-9c00-3cdd1d4be43f/click</name>
                    <title>POST /session/:sessionId/element/d7c72416-672a-4fdd-9c00-3cdd1d4be43f/click</title>
                    <attachments/>
                    <steps/>
                </step>
            </steps>
            <attachments/>
        </test-case>
        <test-case start='1612890317518' status='pending' stop='1612890317521'>
            <name>When I enter 'lsowjanya@hotmail.com' in the 'Email address' field</name>
            <title>When I enter 'lsowjanya@hotmail.com' in the 'Email address' field</title>
            <labels>
                <label name='language' value='javascript'/>
                <label name='framework' value='wdio'/>
                <label name='thread' value='0-0'/>
            </labels>
            <parameters>
                <parameter kind='argument' name='browser' value='chrome-88.0.4324.150'/>
            </parameters>
            <steps/>
            <attachments/>
        </test-case>
        <test-case start='1612890317521' status='pending' stop='1612890317522'>
            <name>And I enter 'Shruti27' in the 'Password' field</name>
            <title>And I enter 'Shruti27' in the 'Password' field</title>
            <labels>
                <label name='language' value='javascript'/>
                <label name='framework' value='wdio'/>
                <label name='thread' value='0-0'/>
            </labels>
            <parameters>
                <parameter kind='argument' name='browser' value='chrome-88.0.4324.150'/>
            </parameters>
            <steps/>
            <attachments/>
        </test-case>
        <test-case start='1612890317522' status='broken' stop='1612890317522'>
            <name>And I click the 'Sign in' button</name>
            <title>And I click the 'Sign in' button</title>
            <labels>
                <label name='language' value='javascript'/>
                <label name='framework' value='wdio'/>
                <label name='thread' value='0-0'/>
            </labels>
            <parameters>
                <parameter kind='argument' name='browser' value='chrome-88.0.4324.150'/>
            </parameters>
            <steps/>
            <attachments/>
            <failure>
                <message>Step "And I click the 'Sign in' button" is not definedYou can ignore this error by setting cucumberOpts.ignoreUndefinedDefinitions as true.</message>
                <stack-trace>undefined:undefined</stack-trace>
            </failure>
        </test-case>
        <test-case start='1612890317523' status='broken' stop='1612890317523'>
            <name>Then the 'my account' text is displayed</name>
            <title>Then the 'my account' text is displayed</title>
            <labels>
                <label name='language' value='javascript'/>
                <label name='framework' value='wdio'/>
                <label name='thread' value='0-0'/>
            </labels>
            <parameters>
                <parameter kind='argument' name='browser' value='chrome-88.0.4324.150'/>
            </parameters>
            <steps/>
            <attachments/>
            <failure>
                <message>Step "Then the 'my account' text is displayed" is not definedYou can ignore this error by setting cucumberOpts.ignoreUndefinedDefinitions as true.</message>
                <stack-trace>undefined:undefined</stack-trace>
            </failure>
        </test-case>
        <test-case start='1612890317523' status='passed' stop='1612890317523'>
            <name>Hook</name>
            <title>Hook</title>
            <labels>
                <label name='language' value='javascript'/>
                <label name='framework' value='wdio'/>
                <label name='thread' value='0-0'/>
            </labels>
            <parameters>
                <parameter kind='argument' name='browser' value='chrome-88.0.4324.150'/>
            </parameters>
            <steps/>
            <attachments/>
        </test-case>
    </test-cases>
</ns2:test-suite>