<?xml version='1.0'?>
<ns2:test-suite xmlns:ns2='urn:model.allure.qatools.yandex.ru' start='1612537487277' stop='1612537487283'>
    <name>Account page: Navigation to Contact us page</name>
    <title>Account page: Navigation to Contact us page</title>
    <test-cases>
        <test-case start='1612537487278' status='passed' stop='1612537487280'>
            <name>Hook</name>
            <title>Hook</title>
            <labels>
                <label name='language' value='javascript'/>
                <label name='framework' value='wdio'/>
                <label name='thread' value='0-0'/>
            </labels>
            <parameters>
                <parameter kind='argument' name='browser' value='chrome-88.0.4324.146'/>
            </parameters>
            <steps/>
            <attachments/>
        </test-case>
        <test-case start='1612537487281' status='broken' stop='1612537487282'>
            <name>Given I  have navigated to '/index.php'</name>
            <title>Given I  have navigated to '/index.php'</title>
            <labels>
                <label name='language' value='javascript'/>
                <label name='framework' value='wdio'/>
                <label name='thread' value='0-0'/>
            </labels>
            <parameters>
                <parameter kind='argument' name='browser' value='chrome-88.0.4324.146'/>
            </parameters>
            <steps/>
            <attachments/>
            <failure>
                <message>Step "Given I  have navigated to '/index.php'" is not definedYou can ignore this error by setting cucumberOpts.ignoreUndefinedDefinitions as true.</message>
                <stack-trace>undefined:undefined</stack-trace>
            </failure>
        </test-case>
        <test-case start='1612537487282' status='broken' stop='1612537487282'>
            <name>And I clicked the 'Contact us' link</name>
            <title>And I clicked the 'Contact us' link</title>
            <labels>
                <label name='language' value='javascript'/>
                <label name='framework' value='wdio'/>
                <label name='thread' value='0-0'/>
            </labels>
            <parameters>
                <parameter kind='argument' name='browser' value='chrome-88.0.4324.146'/>
            </parameters>
            <steps/>
            <attachments/>
            <failure>
                <message>Step "And I clicked the 'Contact us' link" is not definedYou can ignore this error by setting cucumberOpts.ignoreUndefinedDefinitions as true.</message>
                <stack-trace>undefined:undefined</stack-trace>
            </failure>
        </test-case>
        <test-case start='1612537487282' status='broken' stop='1612537487282'>
            <name>Then the 'h1' header with 'Customer service - Contact us' text is displayed</name>
            <title>Then the 'h1' header with 'Customer service - Contact us' text is displayed</title>
            <labels>
                <label name='language' value='javascript'/>
                <label name='framework' value='wdio'/>
                <label name='thread' value='0-0'/>
            </labels>
            <parameters>
                <parameter kind='argument' name='browser' value='chrome-88.0.4324.146'/>
            </parameters>
            <steps/>
            <attachments/>
            <failure>
                <message>Step "Then the 'h1' header with 'Customer service - Contact us' text is displayed" is not definedYou can ignore this error by setting cucumberOpts.ignoreUndefinedDefinitions as true.</message>
                <stack-trace>undefined:undefined</stack-trace>
            </failure>
        </test-case>
        <test-case start='1612537487282' status='passed' stop='1612537487283'>
            <name>Hook</name>
            <title>Hook</title>
            <labels>
                <label name='language' value='javascript'/>
                <label name='framework' value='wdio'/>
                <label name='thread' value='0-0'/>
            </labels>
            <parameters>
                <parameter kind='argument' name='browser' value='chrome-88.0.4324.146'/>
            </parameters>
            <steps/>
            <attachments/>
        </test-case>
    </test-cases>
</ns2:test-suite>