<?xml version='1.0'?>
<ns2:test-suite xmlns:ns2='urn:model.allure.qatools.yandex.ru' start='1612988936325' stop='1612988946296'>
    <name>Account Page: Navigate to my account page</name>
    <title>Account Page: Navigate to my account page</title>
    <test-cases>
        <test-case start='1612988936325' status='passed' stop='1612988936326'>
            <name>Hook</name>
            <title>Hook</title>
            <labels>
                <label name='language' value='javascript'/>
                <label name='framework' value='wdio'/>
                <label name='thread' value='0-0'/>
            </labels>
            <parameters>
                <parameter kind='argument' name='browser' value='chrome-88.0.4324.150'/>
            </parameters>
            <steps/>
            <attachments/>
        </test-case>
        <test-case start='1612988936326' status='passed' stop='1612988944005'>
            <name>Hook I enter 'lsowjanya@hotmail.com' in the 'Email address' field</name>
            <title>Hook I enter 'lsowjanya@hotmail.com' in the 'Email address' field</title>
            <labels>
                <label name='language' value='javascript'/>
                <label name='framework' value='wdio'/>
                <label name='thread' value='0-0'/>
            </labels>
            <parameters>
                <parameter kind='argument' name='browser' value='chrome-88.0.4324.150'/>
            </parameters>
            <steps>
                <step start='1612988936332' status='passed' stop='1612988944004'>
                    <name>POST /session/:sessionId/url</name>
                    <title>POST /session/:sessionId/url</title>
                    <attachments>
                        <attachment title='Request' source='4e6fd882-7581-4338-b012-44a75af378f5-attachment.json' type='application/json' size='45'/>
                    </attachments>
                    <steps/>
                </step>
            </steps>
            <attachments/>
        </test-case>
        <test-case start='1612988944005' status='passed' stop='1612988946290'>
            <name>Given I have clicked the 'Sign in' link</name>
            <title>Given I have clicked the 'Sign in' link</title>
            <labels>
                <label name='language' value='javascript'/>
                <label name='framework' value='wdio'/>
                <label name='thread' value='0-0'/>
            </labels>
            <parameters>
                <parameter kind='argument' name='browser' value='chrome-88.0.4324.150'/>
            </parameters>
            <steps>
                <step start='1612988944007' status='passed' stop='1612988944019'>
                    <name>POST /session/:sessionId/element</name>
                    <title>POST /session/:sessionId/element</title>
                    <attachments>
                        <attachment title='Request' source='61b0ab13-7f55-4d45-a434-0d1b821f7e8e-attachment.json' type='application/json' size='60'/>
                        <attachment title='Response' source='1860a050-c470-4e14-b2b0-92679eacf6ba-attachment.json' type='application/json' size='83'/>
                    </attachments>
                    <steps/>
                </step>
                <step start='1612988944024' status='passed' stop='1612988946289'>
                    <name>POST /session/:sessionId/element/1cbcabfc-3913-454a-afb5-7e751bedb861/click</name>
                    <title>POST /session/:sessionId/element/1cbcabfc-3913-454a-afb5-7e751bedb861/click</title>
                    <attachments/>
                    <steps/>
                </step>
            </steps>
            <attachments/>
        </test-case>
        <test-case start='1612988946290' status='pending' stop='1612988946293'>
            <name>When I enter 'lsowjanya@hotmail.com' in the 'Email address' field</name>
            <title>When I enter 'lsowjanya@hotmail.com' in the 'Email address' field</title>
            <labels>
                <label name='language' value='javascript'/>
                <label name='framework' value='wdio'/>
                <label name='thread' value='0-0'/>
            </labels>
            <parameters>
                <parameter kind='argument' name='browser' value='chrome-88.0.4324.150'/>
            </parameters>
            <steps/>
            <attachments/>
        </test-case>
        <test-case start='1612988946293' status='pending' stop='1612988946294'>
            <name>And I enter 'Shruti27' in the 'Password' field</name>
            <title>And I enter 'Shruti27' in the 'Password' field</title>
            <labels>
                <label name='language' value='javascript'/>
                <label name='framework' value='wdio'/>
                <label name='thread' value='0-0'/>
            </labels>
            <parameters>
                <parameter kind='argument' name='browser' value='chrome-88.0.4324.150'/>
            </parameters>
            <steps/>
            <attachments/>
        </test-case>
        <test-case start='1612988946294' status='broken' stop='1612988946294'>
            <name>And I click the 'Sign in' button</name>
            <title>And I click the 'Sign in' button</title>
            <labels>
                <label name='language' value='javascript'/>
                <label name='framework' value='wdio'/>
                <label name='thread' value='0-0'/>
            </labels>
            <parameters>
                <parameter kind='argument' name='browser' value='chrome-88.0.4324.150'/>
            </parameters>
            <steps/>
            <attachments/>
            <failure>
                <message>Step "And I click the 'Sign in' button" is not definedYou can ignore this error by setting cucumberOpts.ignoreUndefinedDefinitions as true.</message>
                <stack-trace>undefined:undefined</stack-trace>
            </failure>
        </test-case>
        <test-case start='1612988946295' status='broken' stop='1612988946295'>
            <name>Then the 'my account' text is displayed</name>
            <title>Then the 'my account' text is displayed</title>
            <labels>
                <label name='language' value='javascript'/>
                <label name='framework' value='wdio'/>
                <label name='thread' value='0-0'/>
            </labels>
            <parameters>
                <parameter kind='argument' name='browser' value='chrome-88.0.4324.150'/>
            </parameters>
            <steps/>
            <attachments/>
            <failure>
                <message>Step "Then the 'my account' text is displayed" is not definedYou can ignore this error by setting cucumberOpts.ignoreUndefinedDefinitions as true.</message>
                <stack-trace>undefined:undefined</stack-trace>
            </failure>
        </test-case>
        <test-case start='1612988946295' status='passed' stop='1612988946295'>
            <name>Hook</name>
            <title>Hook</title>
            <labels>
                <label name='language' value='javascript'/>
                <label name='framework' value='wdio'/>
                <label name='thread' value='0-0'/>
            </labels>
            <parameters>
                <parameter kind='argument' name='browser' value='chrome-88.0.4324.150'/>
            </parameters>
            <steps/>
            <attachments/>
        </test-case>
    </test-cases>
</ns2:test-suite>