<?xml version='1.0'?>
<ns2:test-suite xmlns:ns2='urn:model.allure.qatools.yandex.ru' start='1612540479971' stop='1612540479977'>
    <name>Naviagtion: Navigation to Sign in page</name>
    <title>Naviagtion: Navigation to Sign in page</title>
    <test-cases>
        <test-case start='1612540479972' status='passed' stop='1612540479974'>
            <name>Hook</name>
            <title>Hook</title>
            <labels>
                <label name='language' value='javascript'/>
                <label name='framework' value='wdio'/>
                <label name='thread' value='0-0'/>
            </labels>
            <parameters>
                <parameter kind='argument' name='browser' value='chrome-88.0.4324.146'/>
            </parameters>
            <steps/>
            <attachments/>
        </test-case>
        <test-case start='1612540479975' status='undefined'>
            <name>Given I  am in the SignIn page</name>
            <title>Given I  am in the SignIn page</title>
            <labels>
                <label name='language' value='javascript'/>
                <label name='framework' value='wdio'/>
                <label name='thread' value='0-0'/>
            </labels>
            <parameters>
                <parameter kind='argument' name='browser' value='chrome-88.0.4324.146'/>
            </parameters>
            <steps/>
            <attachments/>
        </test-case>
        <test-case start='1612540479975' status='pending' stop='1612540479975'>
            <name>Given I  am in the SignIn page (undefined step)</name>
            <title>Given I  am in the SignIn page (undefined step)</title>
            <labels/>
            <parameters/>
            <steps/>
            <attachments/>
            <failure>
                <message>Test ignored</message>
                <stack-trace>undefined</stack-trace>
            </failure>
        </test-case>
        <test-case start='1612540479975' status='undefined'>
            <name>When I enter username as "username" and password as "password"</name>
            <title>When I enter username as "username" and password as "password"</title>
            <labels>
                <label name='language' value='javascript'/>
                <label name='framework' value='wdio'/>
                <label name='thread' value='0-0'/>
            </labels>
            <parameters>
                <parameter kind='argument' name='browser' value='chrome-88.0.4324.146'/>
            </parameters>
            <steps/>
            <attachments/>
        </test-case>
        <test-case start='1612540479976' status='pending' stop='1612540479976'>
            <name>When I enter username as "username" and password as "password" (undefined step)</name>
            <title>When I enter username as "username" and password as "password" (undefined step)</title>
            <labels/>
            <parameters/>
            <steps/>
            <attachments/>
            <failure>
                <message>Test ignored</message>
                <stack-trace>undefined</stack-trace>
            </failure>
        </test-case>
        <test-case start='1612540479976' status='undefined'>
            <name>And I click "signin"</name>
            <title>And I click "signin"</title>
            <labels>
                <label name='language' value='javascript'/>
                <label name='framework' value='wdio'/>
                <label name='thread' value='0-0'/>
            </labels>
            <parameters>
                <parameter kind='argument' name='browser' value='chrome-88.0.4324.146'/>
            </parameters>
            <steps/>
            <attachments/>
        </test-case>
        <test-case start='1612540479976' status='pending' stop='1612540479976'>
            <name>And I click "signin" (undefined step)</name>
            <title>And I click "signin" (undefined step)</title>
            <labels/>
            <parameters/>
            <steps/>
            <attachments/>
            <failure>
                <message>Test ignored</message>
                <stack-trace>undefined</stack-trace>
            </failure>
        </test-case>
        <test-case start='1612540479976' status='undefined'>
            <name>Then "my account" page is displayed</name>
            <title>Then "my account" page is displayed</title>
            <labels>
                <label name='language' value='javascript'/>
                <label name='framework' value='wdio'/>
                <label name='thread' value='0-0'/>
            </labels>
            <parameters>
                <parameter kind='argument' name='browser' value='chrome-88.0.4324.146'/>
            </parameters>
            <steps/>
            <attachments/>
        </test-case>
        <test-case start='1612540479976' status='pending' stop='1612540479976'>
            <name>Then "my account" page is displayed (undefined step)</name>
            <title>Then "my account" page is displayed (undefined step)</title>
            <labels/>
            <parameters/>
            <steps/>
            <attachments/>
            <failure>
                <message>Test ignored</message>
                <stack-trace>undefined</stack-trace>
            </failure>
        </test-case>
        <test-case start='1612540479976' status='passed' stop='1612540479977'>
            <name>Hook</name>
            <title>Hook</title>
            <labels>
                <label name='language' value='javascript'/>
                <label name='framework' value='wdio'/>
                <label name='thread' value='0-0'/>
            </labels>
            <parameters>
                <parameter kind='argument' name='browser' value='chrome-88.0.4324.146'/>
            </parameters>
            <steps/>
            <attachments/>
        </test-case>
    </test-cases>
</ns2:test-suite>