<?xml version='1.0'?>
<ns2:test-suite xmlns:ns2='urn:model.allure.qatools.yandex.ru' start='1612471055806' stop='1612471055813'>
    <name>Account page: Account page</name>
    <title>Account page: Account page</title>
    <test-cases>
        <test-case start='1612471055807' status='passed' stop='1612471055808'>
            <name>Hook</name>
            <title>Hook</title>
            <labels>
                <label name='language' value='javascript'/>
                <label name='framework' value='wdio'/>
                <label name='thread' value='0-0'/>
            </labels>
            <parameters>
                <parameter kind='argument' name='browser' value='chrome-88.0.4324.146'/>
            </parameters>
            <steps/>
            <attachments/>
        </test-case>
        <test-case start='1612471055809' status='undefined'>
            <name>Given I am in the Homepage</name>
            <title>Given I am in the Homepage</title>
            <labels>
                <label name='language' value='javascript'/>
                <label name='framework' value='wdio'/>
                <label name='thread' value='0-0'/>
            </labels>
            <parameters>
                <parameter kind='argument' name='browser' value='chrome-88.0.4324.146'/>
            </parameters>
            <steps/>
            <attachments/>
        </test-case>
        <test-case start='1612471055810' status='pending' stop='1612471055810'>
            <name>Given I am in the Homepage (undefined step)</name>
            <title>Given I am in the Homepage (undefined step)</title>
            <labels/>
            <parameters/>
            <steps/>
            <attachments/>
            <failure>
                <message>Test ignored</message>
                <stack-trace>undefined</stack-trace>
            </failure>
        </test-case>
        <test-case start='1612471055811' status='undefined'>
            <name>When I sign in with a default user</name>
            <title>When I sign in with a default user</title>
            <labels>
                <label name='language' value='javascript'/>
                <label name='framework' value='wdio'/>
                <label name='thread' value='0-0'/>
            </labels>
            <parameters>
                <parameter kind='argument' name='browser' value='chrome-88.0.4324.146'/>
            </parameters>
            <steps/>
            <attachments/>
        </test-case>
        <test-case start='1612471055811' status='pending' stop='1612471055811'>
            <name>When I sign in with a default user (undefined step)</name>
            <title>When I sign in with a default user (undefined step)</title>
            <labels/>
            <parameters/>
            <steps/>
            <attachments/>
            <failure>
                <message>Test ignored</message>
                <stack-trace>undefined</stack-trace>
            </failure>
        </test-case>
        <test-case start='1612471055811' status='undefined'>
            <name>Then I am in My account page</name>
            <title>Then I am in My account page</title>
            <labels>
                <label name='language' value='javascript'/>
                <label name='framework' value='wdio'/>
                <label name='thread' value='0-0'/>
            </labels>
            <parameters>
                <parameter kind='argument' name='browser' value='chrome-88.0.4324.146'/>
            </parameters>
            <steps/>
            <attachments/>
        </test-case>
        <test-case start='1612471055811' status='pending' stop='1612471055811'>
            <name>Then I am in My account page (undefined step)</name>
            <title>Then I am in My account page (undefined step)</title>
            <labels/>
            <parameters/>
            <steps/>
            <attachments/>
            <failure>
                <message>Test ignored</message>
                <stack-trace>undefined</stack-trace>
            </failure>
        </test-case>
        <test-case start='1612471055812' status='passed' stop='1612471055813'>
            <name>Hook</name>
            <title>Hook</title>
            <labels>
                <label name='language' value='javascript'/>
                <label name='framework' value='wdio'/>
                <label name='thread' value='0-0'/>
            </labels>
            <parameters>
                <parameter kind='argument' name='browser' value='chrome-88.0.4324.146'/>
            </parameters>
            <steps/>
            <attachments/>
        </test-case>
    </test-cases>
</ns2:test-suite>