<?xml version='1.0'?>
<ns2:test-suite xmlns:ns2='urn:model.allure.qatools.yandex.ru' start='1612637856550' stop='1612637856556'>
    <name>Naviagtion: Navigation to Sign in page</name>
    <title>Naviagtion: Navigation to Sign in page</title>
    <test-cases>
        <test-case start='1612637856551' status='passed' stop='1612637856552'>
            <name>Hook</name>
            <title>Hook</title>
            <labels>
                <label name='language' value='javascript'/>
                <label name='framework' value='wdio'/>
                <label name='thread' value='0-1'/>
            </labels>
            <parameters>
                <parameter kind='argument' name='browser' value='chrome-88.0.4324.146'/>
            </parameters>
            <steps/>
            <attachments/>
        </test-case>
        <test-case start='1612637856553' status='broken' stop='1612637856554'>
            <name>Given I  am in the SignIn page</name>
            <title>Given I  am in the SignIn page</title>
            <labels>
                <label name='language' value='javascript'/>
                <label name='framework' value='wdio'/>
                <label name='thread' value='0-1'/>
            </labels>
            <parameters>
                <parameter kind='argument' name='browser' value='chrome-88.0.4324.146'/>
            </parameters>
            <steps/>
            <attachments/>
            <failure>
                <message>Step "Given I  am in the SignIn page" is not definedYou can ignore this error by setting cucumberOpts.ignoreUndefinedDefinitions as true.</message>
                <stack-trace>undefined:undefined</stack-trace>
            </failure>
        </test-case>
        <test-case start='1612637856554' status='broken' stop='1612637856554'>
            <name>When I enter username as "username" and password as "password"</name>
            <title>When I enter username as "username" and password as "password"</title>
            <labels>
                <label name='language' value='javascript'/>
                <label name='framework' value='wdio'/>
                <label name='thread' value='0-1'/>
            </labels>
            <parameters>
                <parameter kind='argument' name='browser' value='chrome-88.0.4324.146'/>
            </parameters>
            <steps/>
            <attachments/>
            <failure>
                <message>Step "When I enter username as "username" and password as "password"" is not definedYou can ignore this error by setting cucumberOpts.ignoreUndefinedDefinitions as true.</message>
                <stack-trace>undefined:undefined</stack-trace>
            </failure>
        </test-case>
        <test-case start='1612637856554' status='broken' stop='1612637856555'>
            <name>And I click "signin"</name>
            <title>And I click "signin"</title>
            <labels>
                <label name='language' value='javascript'/>
                <label name='framework' value='wdio'/>
                <label name='thread' value='0-1'/>
            </labels>
            <parameters>
                <parameter kind='argument' name='browser' value='chrome-88.0.4324.146'/>
            </parameters>
            <steps/>
            <attachments/>
            <failure>
                <message>Step "And I click "signin"" is not definedYou can ignore this error by setting cucumberOpts.ignoreUndefinedDefinitions as true.</message>
                <stack-trace>undefined:undefined</stack-trace>
            </failure>
        </test-case>
        <test-case start='1612637856555' status='broken' stop='1612637856555'>
            <name>Then "my account" page is displayed</name>
            <title>Then "my account" page is displayed</title>
            <labels>
                <label name='language' value='javascript'/>
                <label name='framework' value='wdio'/>
                <label name='thread' value='0-1'/>
            </labels>
            <parameters>
                <parameter kind='argument' name='browser' value='chrome-88.0.4324.146'/>
            </parameters>
            <steps/>
            <attachments/>
            <failure>
                <message>Step "Then "my account" page is displayed" is not definedYou can ignore this error by setting cucumberOpts.ignoreUndefinedDefinitions as true.</message>
                <stack-trace>undefined:undefined</stack-trace>
            </failure>
        </test-case>
        <test-case start='1612637856555' status='passed' stop='1612637856556'>
            <name>Hook</name>
            <title>Hook</title>
            <labels>
                <label name='language' value='javascript'/>
                <label name='framework' value='wdio'/>
                <label name='thread' value='0-1'/>
            </labels>
            <parameters>
                <parameter kind='argument' name='browser' value='chrome-88.0.4324.146'/>
            </parameters>
            <steps/>
            <attachments/>
        </test-case>
    </test-cases>
</ns2:test-suite>